Determining if the pthread_create exist failed with the following output:
Change Dir: /home/intellimath/beginner_ros/build/CMakeFiles/CMakeTmp

Run Build Command:"/usr/bin/make" "cmTC_6bfe3/fast"
/usr/bin/make -f CMakeFiles/cmTC_6bfe3.dir/build.make CMakeFiles/cmTC_6bfe3.dir/build
make[1]: Entering directory '/home/intellimath/beginner_ros/build/CMakeFiles/CMakeTmp'
Building C object CMakeFiles/cmTC_6bfe3.dir/CheckSymbolExists.c.o
/usr/bin/cc    -o CMakeFiles/cmTC_6bfe3.dir/CheckSymbolExists.c.o   -c /home/intellimath/beginner_ros/build/CMakeFiles/CMakeTmp/CheckSymbolExists.c
Linking C executable cmTC_6bfe3
/usr/bin/cmake -E cmake_link_script CMakeFiles/cmTC_6bfe3.dir/link.txt --verbose=1
/usr/bin/cc      -rdynamic CMakeFiles/cmTC_6bfe3.dir/CheckSymbolExists.c.o  -o cmTC_6bfe3 
CMakeFiles/cmTC_6bfe3.dir/CheckSymbolExists.c.o: In function `main':
CheckSymbolExists.c:(.text+0x14): undefined reference to `pthread_create'
CheckSymbolExists.c:(.text+0x18): undefined reference to `pthread_create'
collect2: error: ld returned 1 exit status
CMakeFiles/cmTC_6bfe3.dir/build.make:97: recipe for target 'cmTC_6bfe3' failed
make[1]: *** [cmTC_6bfe3] Error 1
make[1]: Leaving directory '/home/intellimath/beginner_ros/build/CMakeFiles/CMakeTmp'
Makefile:126: recipe for target 'cmTC_6bfe3/fast' failed
make: *** [cmTC_6bfe3/fast] Error 2

File /home/intellimath/beginner_ros/build/CMakeFiles/CMakeTmp/CheckSymbolExists.c:
/* */
#include <pthread.h>

int main(int argc, char** argv)
{
  (void)argv;
#ifndef pthread_create
  return ((int*)(&pthread_create))[argc];
#else
  (void)argc;
  return 0;
#endif
}

Determining if the function pthread_create exists in the pthreads failed with the following output:
Change Dir: /home/intellimath/beginner_ros/build/CMakeFiles/CMakeTmp

Run Build Command:"/usr/bin/make" "cmTC_c162e/fast"
/usr/bin/make -f CMakeFiles/cmTC_c162e.dir/build.make CMakeFiles/cmTC_c162e.dir/build
make[1]: Entering directory '/home/intellimath/beginner_ros/build/CMakeFiles/CMakeTmp'
Building C object CMakeFiles/cmTC_c162e.dir/CheckFunctionExists.c.o
/usr/bin/cc   -DCHECK_FUNCTION_EXISTS=pthread_create   -o CMakeFiles/cmTC_c162e.dir/CheckFunctionExists.c.o   -c /usr/share/cmake-3.10/Modules/CheckFunctionExists.c
Linking C executable cmTC_c162e
/usr/bin/cmake -E cmake_link_script CMakeFiles/cmTC_c162e.dir/link.txt --verbose=1
/usr/bin/cc  -DCHECK_FUNCTION_EXISTS=pthread_create    -rdynamic CMakeFiles/cmTC_c162e.dir/CheckFunctionExists.c.o  -o cmTC_c162e -lpthreads 
/usr/bin/ld: cannot find -lpthreads
collect2: error: ld returned 1 exit status
CMakeFiles/cmTC_c162e.dir/build.make:97: recipe for target 'cmTC_c162e' failed
make[1]: *** [cmTC_c162e] Error 1
make[1]: Leaving directory '/home/intellimath/beginner_ros/build/CMakeFiles/CMakeTmp'
Makefile:126: recipe for target 'cmTC_c162e/fast' failed
make: *** [cmTC_c162e/fast] Error 2


